#
# There is insufficient memory for the Java Runtime Environment to continue.
# Native memory allocation (malloc) failed to allocate 612656 bytes for Chunk::new
# Possible reasons:
#   The system is out of physical RAM or swap space
#   The process is running with CompressedOops enabled, and the Java Heap may be blocking the growth of the native heap
# Possible solutions:
#   Reduce memory load on the system
#   Increase physical memory or swap space
#   Check if swap backing store is full
#   Decrease Java heap size (-Xmx/-Xms)
#   Decrease number of Java threads
#   Decrease Java thread stack sizes (-Xss)
#   Set larger code cache with -XX:ReservedCodeCacheSize=
#   JVM is running with Unscaled Compressed Oops mode in which the Java heap is
#     placed in the first 4GB address space. The Java Heap base address is the
#     maximum limit for the native heap growth. Please use -XX:HeapBaseMinAddress
#     to set the Java Heap base and to place the Java Heap above 4GB virtual address.
# This output file may be truncated or incomplete.
#
#  Out of Memory Error (./open/src/hotspot/share/memory/arena.cpp:195), pid=11224, tid=6268
#
# JRE version: Java(TM) SE Runtime Environment (14.0.2+12) (build 14.0.2+12-46)
# Java VM: Java HotSpot(TM) 64-Bit Server VM (14.0.2+12-46, mixed mode, sharing, tiered, compressed oops, g1 gc, windows-amd64)
# No core dump will be written. Minidumps are not enabled by default on client versions of Windows
#

---------------  S U M M A R Y ------------

Command Line: com.example.instalacionesDeportivas.InstalacionesDeportivasApplication

Host: Intel(R) Core(TM) i3-5005U CPU @ 2.00GHz, 4 cores, 7G,  Windows 10 , 64 bit Build 19041 (10.0.19041.1202)
Time: Thu Sep 30 13:10:02 2021 Hora de verano romance elapsed time: 4265 seconds (0d 1h 11m 5s)

---------------  T H R E A D  ---------------

Current thread (0x000001e7aef3f800):  JavaThread "C2 CompilerThread0" daemon [_thread_in_native, id=6268, stack(0x0000006a2a900000,0x0000006a2aa00000)]


Current CompileTask:
C2:4265791 8821       4       org.springframework.security.web.util.OnCommittedResponseWrapper$SaveContextPrintWriter::write (17 bytes)

Stack: [0x0000006a2a900000,0x0000006a2aa00000]
Native frames: (J=compiled Java code, j=interpreted, Vv=VM code, C=native code)
V  [jvm.dll+0x5f8a9a]
V  [jvm.dll+0x74247a]
V  [jvm.dll+0x743c2f]
V  [jvm.dll+0x744273]
V  [jvm.dll+0x20d288]
V  [jvm.dll+0xabb07]
V  [jvm.dll+0xac1fc]
V  [jvm.dll+0x276db4]
V  [jvm.dll+0x50cffa]
V  [jvm.dll+0x1ee036]
V  [jvm.dll+0x1e752d]
V  [jvm.dll+0x1e4f98]
V  [jvm.dll+0x1779cc]
V  [jvm.dll+0x1f4105]
V  [jvm.dll+0x1f22eb]
V  [jvm.dll+0x7070cd]
V  [jvm.dll+0x6ffeda]
V  [jvm.dll+0x5f78f6]
C  [ucrtbase.dll+0x21bb2]
C  [KERNEL32.DLL+0x17034]
C  [ntdll.dll+0x52651]


---------------  P R O C E S S  ---------------

Threads class SMR info:
_java_thread_list=0x000001e7b0356780, length=30, elements={
0x000001e7aef1a000, 0x000001e7aef1b800, 0x000001e7aef38800, 0x000001e7aef3b800,
0x000001e7aef3e000, 0x000001e7aef3f800, 0x000001e7aef44800, 0x000001e7aef50000,
0x000001e7af9a7000, 0x000001e7af9a8800, 0x000001e7af9aa800, 0x000001e7af9a4800,
0x000001e7af9a6000, 0x000001e7af9a8000, 0x000001e7b3d55800, 0x000001e7b3d53000,
0x000001e7b3d55000, 0x000001e7b3d56800, 0x000001e7b3d57000, 0x000001e7b3d58000,
0x000001e7b3d59000, 0x000001e7b3d59800, 0x000001e7b3d54000, 0x000001e7b3d5e800,
0x000001e7b3d5e000, 0x000001e7b3d5f800, 0x000001e7b3d60000, 0x000001e7b3d5b800,
0x000001e7b3d5c000, 0x000001e7b3d5d000
}

Java Threads: ( => current thread )
  0x000001e7aef1a000 JavaThread "Reference Handler" daemon [_thread_blocked, id=11628, stack(0x0000006a2a400000,0x0000006a2a500000)]
  0x000001e7aef1b800 JavaThread "Finalizer" daemon [_thread_blocked, id=17268, stack(0x0000006a2a500000,0x0000006a2a600000)]
  0x000001e7aef38800 JavaThread "Signal Dispatcher" daemon [_thread_blocked, id=17180, stack(0x0000006a2a600000,0x0000006a2a700000)]
  0x000001e7aef3b800 JavaThread "Attach Listener" daemon [_thread_blocked, id=17096, stack(0x0000006a2a700000,0x0000006a2a800000)]
  0x000001e7aef3e000 JavaThread "Service Thread" daemon [_thread_blocked, id=14604, stack(0x0000006a2a800000,0x0000006a2a900000)]
=>0x000001e7aef3f800 JavaThread "C2 CompilerThread0" daemon [_thread_in_native, id=6268, stack(0x0000006a2a900000,0x0000006a2aa00000)]
  0x000001e7aef44800 JavaThread "C1 CompilerThread0" daemon [_thread_blocked, id=8844, stack(0x0000006a2aa00000,0x0000006a2ab00000)]
  0x000001e7aef50000 JavaThread "Sweeper thread" daemon [_thread_blocked, id=16376, stack(0x0000006a2ab00000,0x0000006a2ac00000)]
  0x000001e7af9a7000 JavaThread "Notification Thread" daemon [_thread_blocked, id=452, stack(0x0000006a2ac00000,0x0000006a2ad00000)]
  0x000001e7af9a8800 JavaThread "Common-Cleaner" daemon [_thread_blocked, id=12084, stack(0x0000006a2ae00000,0x0000006a2af00000)]
  0x000001e7af9aa800 JavaThread "mysql-cj-abandoned-connection-cleanup" daemon [_thread_blocked, id=9312, stack(0x0000006a2b600000,0x0000006a2b700000)]
  0x000001e7af9a4800 JavaThread "HikariPool-1 housekeeper" daemon [_thread_blocked, id=10272, stack(0x0000006a2b700000,0x0000006a2b800000)]
  0x000001e7af9a6000 JavaThread "Catalina-utility-1" [_thread_blocked, id=16556, stack(0x0000006a2ba00000,0x0000006a2bb00000)]
  0x000001e7af9a8000 JavaThread "Catalina-utility-2" [_thread_blocked, id=14304, stack(0x0000006a2bb00000,0x0000006a2bc00000)]
  0x000001e7b3d55800 JavaThread "container-0" [_thread_blocked, id=15496, stack(0x0000006a2bc00000,0x0000006a2bd00000)]
  0x000001e7b3d53000 JavaThread "File Watcher" daemon [_thread_in_native, id=10208, stack(0x0000006a2b900000,0x0000006a2ba00000)]
  0x000001e7b3d55000 JavaThread "Live Reload Server" daemon [_thread_in_native, id=2776, stack(0x0000006a2be00000,0x0000006a2bf00000)]
  0x000001e7b3d56800 JavaThread "http-nio-8080-Poller" daemon [_thread_in_native, id=14484, stack(0x0000006a2bd00000,0x0000006a2be00000)]
  0x000001e7b3d57000 JavaThread "http-nio-8080-Acceptor" daemon [_thread_in_native, id=7088, stack(0x0000006a2bf00000,0x0000006a2c000000)]
  0x000001e7b3d58000 JavaThread "DestroyJavaVM" [_thread_blocked, id=9716, stack(0x0000006a29d00000,0x0000006a29e00000)]
  0x000001e7b3d59000 JavaThread "http-nio-8080-exec-1" daemon [_thread_blocked, id=10908, stack(0x0000006a2b300000,0x0000006a2b400000)]
  0x000001e7b3d59800 JavaThread "http-nio-8080-exec-2" daemon [_thread_blocked, id=13080, stack(0x0000006a2c000000,0x0000006a2c100000)]
  0x000001e7b3d54000 JavaThread "http-nio-8080-exec-3" daemon [_thread_blocked, id=6360, stack(0x0000006a2c100000,0x0000006a2c200000)]
  0x000001e7b3d5e800 JavaThread "http-nio-8080-exec-4" daemon [_thread_blocked, id=9872, stack(0x0000006a2c200000,0x0000006a2c300000)]
  0x000001e7b3d5e000 JavaThread "http-nio-8080-exec-5" daemon [_thread_blocked, id=16008, stack(0x0000006a2c300000,0x0000006a2c400000)]
  0x000001e7b3d5f800 JavaThread "http-nio-8080-exec-6" daemon [_thread_blocked, id=1384, stack(0x0000006a2c400000,0x0000006a2c500000)]
  0x000001e7b3d60000 JavaThread "http-nio-8080-exec-7" daemon [_thread_blocked, id=8780, stack(0x0000006a2c500000,0x0000006a2c600000)]
  0x000001e7b3d5b800 JavaThread "http-nio-8080-exec-8" daemon [_thread_blocked, id=8, stack(0x0000006a2c600000,0x0000006a2c700000)]
  0x000001e7b3d5c000 JavaThread "http-nio-8080-exec-9" daemon [_thread_blocked, id=15424, stack(0x0000006a2c700000,0x0000006a2c800000)]
  0x000001e7b3d5d000 JavaThread "http-nio-8080-exec-10" daemon [_thread_blocked, id=13728, stack(0x0000006a2c800000,0x0000006a2c900000)]

Other Threads:
  0x000001e7aef18800 VMThread "VM Thread" [stack: 0x0000006a2a300000,0x0000006a2a400000] [id=8120]
  0x000001e7af9c7800 WatcherThread [stack: 0x0000006a2ad00000,0x0000006a2ae00000] [id=1380]
  0x000001e79077b800 GCTaskThread "GC Thread#0" [stack: 0x0000006a29e00000,0x0000006a29f00000] [id=5628]
  0x000001e7b0243000 GCTaskThread "GC Thread#1" [stack: 0x0000006a2b000000,0x0000006a2b100000] [id=2056]
  0x000001e7b0070800 GCTaskThread "GC Thread#2" [stack: 0x0000006a2b100000,0x0000006a2b200000] [id=3376]
  0x000001e7b0a3e800 GCTaskThread "GC Thread#3" [stack: 0x0000006a2af00000,0x0000006a2b000000] [id=10424]
  0x000001e79078f000 ConcurrentGCThread "G1 Main Marker" [stack: 0x0000006a29f00000,0x0000006a2a000000] [id=1208]
  0x000001e790790800 ConcurrentGCThread "G1 Conc#0" [stack: 0x0000006a2a000000,0x0000006a2a100000] [id=8036]
  0x000001e790809800 ConcurrentGCThread "G1 Refine#0" [stack: 0x0000006a2a100000,0x0000006a2a200000] [id=11800]
  0x000001e7afb65000 ConcurrentGCThread "G1 Refine#1" [stack: 0x0000006a2b200000,0x0000006a2b300000] [id=8200]
  0x000001e7aed90800 ConcurrentGCThread "G1 Young RemSet Sampling" [stack: 0x0000006a2a200000,0x0000006a2a300000] [id=13040]

Threads with active compile tasks:
C2 CompilerThread0  4265982 8821       4       org.springframework.security.web.util.OnCommittedResponseWrapper$SaveContextPrintWriter::write (17 bytes)

VM state:not at safepoint (normal execution)

VM Mutex/Monitor currently owned by a thread: None

Heap address: 0x0000000081400000, size: 2028 MB, Compressed Oops mode: 32-bit
Narrow klass base: 0x0000000800000000, Narrow klass shift: 3
Compressed class space size: 1073741824 Address: 0x0000000800b30000

Heap:
 garbage-first heap   total 90112K, used 39639K [0x0000000081400000, 0x0000000100000000)
  region size 1024K, 10 young (10240K), 1 survivors (1024K)
 Metaspace       used 65802K, capacity 67546K, committed 67760K, reserved 1107968K
  class space    used 8510K, capacity 9195K, committed 9312K, reserved 1048576K
Heap Regions: E=young(eden), S=young(survivor), O=old, HS=humongous(starts), HC=humongous(continues), CS=collection set, F=free, OA=open archive, CA=closed archive, TAMS=top-at-mark-start (previous, next)
|   0|0x0000000081400000, 0x0000000081500000, 0x0000000081500000|100%|HS|  |TAMS 0x0000000081500000, 0x0000000081400000| Complete 
|   1|0x0000000081500000, 0x0000000081600000, 0x0000000081600000|100%| O|  |TAMS 0x0000000081600000, 0x0000000081500000| Untracked 
|   2|0x0000000081600000, 0x0000000081700000, 0x0000000081700000|100%| O|  |TAMS 0x0000000081700000, 0x0000000081600000| Untracked 
|   3|0x0000000081700000, 0x0000000081800000, 0x0000000081800000|100%| O|  |TAMS 0x0000000081800000, 0x0000000081700000| Untracked 
|   4|0x0000000081800000, 0x0000000081900000, 0x0000000081900000|100%| O|  |TAMS 0x0000000081900000, 0x0000000081800000| Untracked 
|   5|0x0000000081900000, 0x0000000081a00000, 0x0000000081a00000|100%| O|  |TAMS 0x0000000081a00000, 0x0000000081900000| Untracked 
|   6|0x0000000081a00000, 0x0000000081a23c00, 0x0000000081b00000| 13%| O|  |TAMS 0x0000000081a23c00, 0x0000000081a00000| Untracked 
|   7|0x0000000081b00000, 0x0000000081c00000, 0x0000000081c00000|100%| O|  |TAMS 0x0000000081c00000, 0x0000000081b00000| Untracked 
|   8|0x0000000081c00000, 0x0000000081d00000, 0x0000000081d00000|100%| O|  |TAMS 0x0000000081d00000, 0x0000000081c00000| Untracked 
|   9|0x0000000081d00000, 0x0000000081e00000, 0x0000000081e00000|100%| O|  |TAMS 0x0000000081e00000, 0x0000000081d00000| Untracked 
|  10|0x0000000081e00000, 0x0000000081f00000, 0x0000000081f00000|100%| O|  |TAMS 0x0000000081f00000, 0x0000000081e00000| Untracked 
|  11|0x0000000081f00000, 0x0000000082000000, 0x0000000082000000|100%| O|  |TAMS 0x0000000082000000, 0x0000000081f00000| Untracked 
|  12|0x0000000082000000, 0x0000000082100000, 0x0000000082100000|100%| O|  |TAMS 0x0000000082100000, 0x0000000082000000| Untracked 
|  13|0x0000000082100000, 0x0000000082200000, 0x0000000082200000|100%| O|  |TAMS 0x0000000082200000, 0x0000000082100000| Untracked 
|  14|0x0000000082200000, 0x0000000082300000, 0x0000000082300000|100%| O|  |TAMS 0x0000000082300000, 0x0000000082200000| Untracked 
|  15|0x0000000082300000, 0x0000000082400000, 0x0000000082400000|100%| O|  |TAMS 0x0000000082400000, 0x0000000082300000| Untracked 
|  16|0x0000000082400000, 0x0000000082500000, 0x0000000082500000|100%| O|  |TAMS 0x0000000082500000, 0x0000000082400000| Untracked 
|  17|0x0000000082500000, 0x0000000082600000, 0x0000000082600000|100%| O|  |TAMS 0x0000000082600000, 0x0000000082500000| Untracked 
|  18|0x0000000082600000, 0x0000000082700000, 0x0000000082700000|100%| O|  |TAMS 0x0000000082700000, 0x0000000082600000| Untracked 
|  19|0x0000000082700000, 0x0000000082800000, 0x0000000082800000|100%| O|  |TAMS 0x0000000082800000, 0x0000000082700000| Untracked 
|  20|0x0000000082800000, 0x0000000082900000, 0x0000000082900000|100%| O|  |TAMS 0x0000000082900000, 0x0000000082800000| Untracked 
|  21|0x0000000082900000, 0x0000000082a00000, 0x0000000082a00000|100%| O|  |TAMS 0x0000000082a00000, 0x0000000082900000| Untracked 
|  22|0x0000000082a00000, 0x0000000082b00000, 0x0000000082b00000|100%| O|  |TAMS 0x0000000082b00000, 0x0000000082a00000| Untracked 
|  23|0x0000000082b00000, 0x0000000082c00000, 0x0000000082c00000|100%| O|  |TAMS 0x0000000082c00000, 0x0000000082b00000| Untracked 
|  24|0x0000000082c00000, 0x0000000082d00000, 0x0000000082d00000|100%| O|  |TAMS 0x0000000082d00000, 0x0000000082c00000| Untracked 
|  25|0x0000000082d00000, 0x0000000082e00000, 0x0000000082e00000|100%| O|  |TAMS 0x0000000082e00000, 0x0000000082d00000| Untracked 
|  26|0x0000000082e00000, 0x0000000082f00000, 0x0000000082f00000|100%| O|  |TAMS 0x0000000082e41400, 0x0000000082e00000| Untracked 
|  27|0x0000000082f00000, 0x0000000083000000, 0x0000000083000000|100%| O|  |TAMS 0x0000000082f00000, 0x0000000082f00000| Untracked 
|  28|0x0000000083000000, 0x0000000083100000, 0x0000000083100000|100%| O|  |TAMS 0x0000000083000000, 0x0000000083000000| Untracked 
|  29|0x0000000083100000, 0x0000000083200000, 0x0000000083200000|100%| O|  |TAMS 0x0000000083100000, 0x0000000083100000| Untracked 
|  30|0x0000000083200000, 0x00000000832bbe00, 0x0000000083300000| 73%| O|  |TAMS 0x0000000083200000, 0x0000000083200000| Untracked 
|  31|0x0000000083300000, 0x0000000083300000, 0x0000000083400000|  0%| F|  |TAMS 0x0000000083300000, 0x0000000083300000| Untracked 
|  32|0x0000000083400000, 0x0000000083400000, 0x0000000083500000|  0%| F|  |TAMS 0x0000000083400000, 0x0000000083400000| Untracked 
|  33|0x0000000083500000, 0x0000000083500000, 0x0000000083600000|  0%| F|  |TAMS 0x0000000083500000, 0x0000000083500000| Untracked 
|  34|0x0000000083600000, 0x0000000083600000, 0x0000000083700000|  0%| F|  |TAMS 0x0000000083600000, 0x0000000083600000| Untracked 
|  35|0x0000000083700000, 0x0000000083700000, 0x0000000083800000|  0%| F|  |TAMS 0x0000000083700000, 0x0000000083700000| Untracked 
|  36|0x0000000083800000, 0x0000000083800000, 0x0000000083900000|  0%| F|  |TAMS 0x0000000083800000, 0x0000000083800000| Untracked 
|  37|0x0000000083900000, 0x0000000083900000, 0x0000000083a00000|  0%| F|  |TAMS 0x0000000083900000, 0x0000000083900000| Untracked 
|  38|0x0000000083a00000, 0x0000000083a00000, 0x0000000083b00000|  0%| F|  |TAMS 0x0000000083a00000, 0x0000000083a00000| Untracked 
|  39|0x0000000083b00000, 0x0000000083b00000, 0x0000000083c00000|  0%| F|  |TAMS 0x0000000083b00000, 0x0000000083b00000| Untracked 
|  40|0x0000000083c00000, 0x0000000083c00000, 0x0000000083d00000|  0%| F|  |TAMS 0x0000000083c00000, 0x0000000083c00000| Untracked 
|  41|0x0000000083d00000, 0x0000000083dd6278, 0x0000000083e00000| 83%| S|CS|TAMS 0x0000000083d00000, 0x0000000083d00000| Complete 
|  42|0x0000000083e00000, 0x0000000083e00000, 0x0000000083f00000|  0%| F|  |TAMS 0x0000000083e00000, 0x0000000083e00000| Untracked 
|  43|0x0000000083f00000, 0x0000000083f00000, 0x0000000084000000|  0%| F|  |TAMS 0x0000000083f00000, 0x0000000083f00000| Untracked 
|  44|0x0000000084000000, 0x0000000084000000, 0x0000000084100000|  0%| F|  |TAMS 0x0000000084000000, 0x0000000084000000| Untracked 
|  45|0x0000000084100000, 0x0000000084100000, 0x0000000084200000|  0%| F|  |TAMS 0x0000000084100000, 0x0000000084100000| Untracked 
|  46|0x0000000084200000, 0x0000000084200000, 0x0000000084300000|  0%| F|  |TAMS 0x0000000084200000, 0x0000000084200000| Untracked 
|  47|0x0000000084300000, 0x0000000084300000, 0x0000000084400000|  0%| F|  |TAMS 0x0000000084300000, 0x0000000084300000| Untracked 
|  48|0x0000000084400000, 0x0000000084400000, 0x0000000084500000|  0%| F|  |TAMS 0x0000000084400000, 0x0000000084400000| Untracked 
|  49|0x0000000084500000, 0x0000000084500000, 0x0000000084600000|  0%| F|  |TAMS 0x0000000084500000, 0x0000000084500000| Untracked 
|  50|0x0000000084600000, 0x0000000084600000, 0x0000000084700000|  0%| F|  |TAMS 0x0000000084600000, 0x0000000084600000| Untracked 
|  51|0x0000000084700000, 0x0000000084700000, 0x0000000084800000|  0%| F|  |TAMS 0x0000000084700000, 0x0000000084700000| Untracked 
|  52|0x0000000084800000, 0x0000000084800000, 0x0000000084900000|  0%| F|  |TAMS 0x0000000084800000, 0x0000000084800000| Untracked 
|  53|0x0000000084900000, 0x0000000084900000, 0x0000000084a00000|  0%| F|  |TAMS 0x0000000084900000, 0x0000000084900000| Untracked 
|  54|0x0000000084a00000, 0x0000000084a00000, 0x0000000084b00000|  0%| F|  |TAMS 0x0000000084a00000, 0x0000000084a00000| Untracked 
|  55|0x0000000084b00000, 0x0000000084b00000, 0x0000000084c00000|  0%| F|  |TAMS 0x0000000084b00000, 0x0000000084b00000| Untracked 
|  56|0x0000000084c00000, 0x0000000084c00000, 0x0000000084d00000|  0%| F|  |TAMS 0x0000000084c00000, 0x0000000084c00000| Untracked 
|  57|0x0000000084d00000, 0x0000000084d00000, 0x0000000084e00000|  0%| F|  |TAMS 0x0000000084d00000, 0x0000000084d00000| Untracked 
|  58|0x0000000084e00000, 0x0000000084e00000, 0x0000000084f00000|  0%| F|  |TAMS 0x0000000084e00000, 0x0000000084e00000| Untracked 
|  59|0x0000000084f00000, 0x0000000084f00000, 0x0000000085000000|  0%| F|  |TAMS 0x0000000084f00000, 0x0000000084f00000| Untracked 
|  60|0x0000000085000000, 0x0000000085000000, 0x0000000085100000|  0%| F|  |TAMS 0x0000000085000000, 0x0000000085000000| Untracked 
|  61|0x0000000085100000, 0x0000000085100000, 0x0000000085200000|  0%| F|  |TAMS 0x0000000085100000, 0x0000000085100000| Untracked 
|  62|0x0000000085200000, 0x0000000085200000, 0x0000000085300000|  0%| F|  |TAMS 0x0000000085200000, 0x0000000085200000| Untracked 
|  63|0x0000000085300000, 0x0000000085300000, 0x0000000085400000|  0%| F|  |TAMS 0x0000000085300000, 0x0000000085300000| Untracked 
|  64|0x0000000085400000, 0x0000000085400000, 0x0000000085500000|  0%| F|  |TAMS 0x0000000085400000, 0x0000000085400000| Untracked 
|  65|0x0000000085500000, 0x0000000085500000, 0x0000000085600000|  0%| F|  |TAMS 0x0000000085500000, 0x0000000085500000| Untracked 
|  66|0x0000000085600000, 0x0000000085600000, 0x0000000085700000|  0%| F|  |TAMS 0x0000000085600000, 0x0000000085600000| Untracked 
|  67|0x0000000085700000, 0x0000000085700000, 0x0000000085800000|  0%| F|  |TAMS 0x0000000085700000, 0x0000000085700000| Untracked 
|  68|0x0000000085800000, 0x0000000085800000, 0x0000000085900000|  0%| F|  |TAMS 0x0000000085800000, 0x0000000085800000| Untracked 
|  69|0x0000000085900000, 0x0000000085900000, 0x0000000085a00000|  0%| F|  |TAMS 0x0000000085900000, 0x0000000085900000| Untracked 
|  70|0x0000000085a00000, 0x0000000085a00000, 0x0000000085b00000|  0%| F|  |TAMS 0x0000000085a00000, 0x0000000085a00000| Untracked 
|  71|0x0000000085b00000, 0x0000000085b00000, 0x0000000085c00000|  0%| F|  |TAMS 0x0000000085b00000, 0x0000000085b00000| Untracked 
|  72|0x0000000085c00000, 0x0000000085c00000, 0x0000000085d00000|  0%| F|  |TAMS 0x0000000085c00000, 0x0000000085c00000| Untracked 
|  73|0x0000000085d00000, 0x0000000085d00000, 0x0000000085e00000|  0%| F|  |TAMS 0x0000000085d00000, 0x0000000085d00000| Untracked 
|  74|0x0000000085e00000, 0x0000000085e00000, 0x0000000085f00000|  0%| F|  |TAMS 0x0000000085e00000, 0x0000000085e00000| Untracked 
|  75|0x0000000085f00000, 0x0000000085f00000, 0x0000000086000000|  0%| F|  |TAMS 0x0000000085f00000, 0x0000000085f00000| Untracked 
|  76|0x0000000086000000, 0x0000000086000000, 0x0000000086100000|  0%| F|  |TAMS 0x0000000086000000, 0x0000000086000000| Untracked 
|  77|0x0000000086100000, 0x0000000086100000, 0x0000000086200000|  0%| F|  |TAMS 0x0000000086100000, 0x0000000086100000| Untracked 
|  78|0x0000000086200000, 0x0000000086200000, 0x0000000086300000|  0%| F|  |TAMS 0x0000000086200000, 0x0000000086200000| Untracked 
|  79|0x0000000086300000, 0x0000000086389658, 0x0000000086400000| 53%| E|  |TAMS 0x0000000086300000, 0x0000000086300000| Complete 
|  80|0x0000000086400000, 0x0000000086500000, 0x0000000086500000|100%| E|CS|TAMS 0x0000000086400000, 0x0000000086400000| Complete 
|  81|0x0000000086500000, 0x0000000086600000, 0x0000000086600000|100%| E|CS|TAMS 0x0000000086500000, 0x0000000086500000| Complete 
|  82|0x0000000086600000, 0x0000000086700000, 0x0000000086700000|100%| E|CS|TAMS 0x0000000086600000, 0x0000000086600000| Complete 
|  83|0x0000000086700000, 0x0000000086800000, 0x0000000086800000|100%| E|CS|TAMS 0x0000000086700000, 0x0000000086700000| Complete 
|  84|0x0000000086800000, 0x0000000086900000, 0x0000000086900000|100%| E|CS|TAMS 0x0000000086800000, 0x0000000086800000| Complete 
|  85|0x0000000086900000, 0x0000000086a00000, 0x0000000086a00000|100%| E|CS|TAMS 0x0000000086900000, 0x0000000086900000| Complete 
|  86|0x0000000086a00000, 0x0000000086b00000, 0x0000000086b00000|100%| E|CS|TAMS 0x0000000086a00000, 0x0000000086a00000| Complete 
| 127|0x0000000089300000, 0x0000000089400000, 0x0000000089400000|100%| E|CS|TAMS 0x0000000089300000, 0x0000000089300000| Complete 

Card table byte_map: [0x000001e7a82e0000,0x000001e7a86e0000] _byte_map_base: 0x000001e7a7ed6000

Marking Bits (Prev, Next): (CMBitMap*) 0x000001e79077c778, (CMBitMap*) 0x000001e79077c7b8
 Prev Bits: [0x000001e7a8ae0000, 0x000001e7aaa90000)
 Next Bits: [0x000001e7aaa90000, 0x000001e7aca40000)

Polling page: 0x000001e78e6a0000

Metaspace:

Usage:
  Non-class:     56.98 MB capacity,    55.95 MB ( 98%) used,   830.63 KB (  1%) free+waste,   228.25 KB ( <1%) overhead. 
      Class:      8.98 MB capacity,     8.31 MB ( 93%) used,   578.90 KB (  6%) free+waste,   106.06 KB (  1%) overhead. 
       Both:     65.96 MB capacity,    64.26 MB ( 97%) used,     1.38 MB (  2%) free+waste,   334.31 KB ( <1%) overhead. 

Virtual space:
  Non-class space:       58.00 MB reserved,      57.08 MB ( 98%) committed 
      Class space:        1.00 GB reserved,       9.09 MB ( <1%) committed 
             Both:        1.06 GB reserved,      66.17 MB (  6%) committed 

Chunk freelists:
   Non-Class:  33.00 KB
       Class:  21.00 KB
        Both:  54.00 KB

MaxMetaspaceSize: 17179869184.00 GB
CompressedClassSpaceSize: 1.00 GB

CodeHeap 'non-profiled nmethods': size=120000Kb used=5641Kb max_used=5641Kb free=114358Kb
 bounds [0x000001e7a09b0000, 0x000001e7a0f40000, 0x000001e7a7ee0000]
CodeHeap 'profiled nmethods': size=120000Kb used=18458Kb max_used=18458Kb free=101541Kb
 bounds [0x000001e799480000, 0x000001e79a690000, 0x000001e7a09b0000]
CodeHeap 'non-nmethods': size=5760Kb used=1350Kb max_used=1403Kb free=4409Kb
 bounds [0x000001e798ee0000, 0x000001e799150000, 0x000001e799480000]
 total_blobs=8755 nmethods=8115 adapters=551
 compilation: enabled
              stopped_count=0, restarted_count=0
 full_count=0

Compilation events (20 events):
Event: 4265.346 Thread 0x000001e7aef44800 8818       3       org.springframework.security.web.util.OnCommittedResponseWrapper$SaveContextPrintWriter::write (17 bytes)
Event: 4265.347 Thread 0x000001e7aef3f800 nmethod 8817 0x000001e7a0f30790 code [0x000001e7a0f30a20, 0x000001e7a0f31238]
Event: 4265.347 Thread 0x000001e7aef3f800 8819       4       org.springframework.security.web.util.OnCommittedResponseWrapper::access$100 (6 bytes)
Event: 4265.348 Thread 0x000001e7aef44800 nmethod 8818 0x000001e79a67a690 code [0x000001e79a67a8a0, 0x000001e79a67ae88]
Event: 4265.348 Thread 0x000001e7aef44800 8820       3       org.thymeleaf.engine.ProcessorTemplateHandler::obtainCurrentGatheringModel (12 bytes)
Event: 4265.348 Thread 0x000001e7aef44800 nmethod 8820 0x000001e79a67b110 code [0x000001e79a67b2a0, 0x000001e79a67b3f8]
Event: 4265.357 Thread 0x000001e7aef44800 8822       3       org.attoparser.HtmlVoidElement::handleOpenElementEnd (16 bytes)
Event: 4265.359 Thread 0x000001e7aef44800 nmethod 8822 0x000001e79a67b490 code [0x000001e79a67b640, 0x000001e79a67b848]
Event: 4265.431 Thread 0x000001e7aef3f800 nmethod 8819 0x000001e7a0f31790 code [0x000001e7a0f319c0, 0x000001e7a0f321b8]
Event: 4265.432 Thread 0x000001e7aef3f800 8821       4       org.springframework.security.web.util.OnCommittedResponseWrapper$SaveContextPrintWriter::write (17 bytes)
Event: 4265.432 Thread 0x000001e7aef44800 8823       3       org.apache.coyote.http11.Http11InputBuffer::parseHeaders (118 bytes)
Event: 4265.433 Thread 0x000001e7aef44800 nmethod 8823 0x000001e79a67b910 code [0x000001e79a67bb20, 0x000001e79a67c128]
Event: 4265.433 Thread 0x000001e7aef44800 8824       3       org.apache.tomcat.util.http.MimeHeaders::findHeader (36 bytes)
Event: 4265.434 Thread 0x000001e7aef44800 nmethod 8824 0x000001e79a67c310 code [0x000001e79a67c4c0, 0x000001e79a67c7a8]
Event: 4265.434 Thread 0x000001e7aef44800 8825       3       org.apache.catalina.connector.Request::getAttribute (320 bytes)
Event: 4265.437 Thread 0x000001e7aef44800 nmethod 8825 0x000001e79a67c910 code [0x000001e79a67cd20, 0x000001e79a67eb18]
Event: 4265.438 Thread 0x000001e7aef44800 8826   !   3       org.apache.coyote.http11.Http11Processor::prepareResponse (871 bytes)
Event: 4265.460 Thread 0x000001e7aef44800 nmethod 8826 0x000001e79a67f490 code [0x000001e79a67fd80, 0x000001e79a684758]
Event: 4265.601 Thread 0x000001e7aef44800 8828       3       org.apache.tomcat.util.net.SocketBufferHandler::setWriteBufferConfiguredForWrite (84 bytes)
Event: 4265.602 Thread 0x000001e7aef44800 nmethod 8828 0x000001e79a686710 code [0x000001e79a686920, 0x000001e79a687008]

GC Heap History (20 events):
Event: 2298.702 GC heap before
{Heap before GC invocations=32 (full 0):
 garbage-first heap   total 90112K, used 75440K [0x0000000081400000, 0x0000000100000000)
  region size 1024K, 46 young (47104K), 3 survivors (3072K)
 Metaspace       used 64513K, capacity 66239K, committed 66352K, reserved 1105920K
  class space    used 8472K, capacity 9151K, committed 9184K, reserved 1048576K
}
Event: 2298.712 GC heap after
{Heap after GC invocations=33 (full 0):
 garbage-first heap   total 90112K, used 31240K [0x0000000081400000, 0x0000000100000000)
  region size 1024K, 2 young (2048K), 2 survivors (2048K)
 Metaspace       used 64513K, capacity 66239K, committed 66352K, reserved 1105920K
  class space    used 8472K, capacity 9151K, committed 9184K, reserved 1048576K
}
Event: 2525.996 GC heap before
{Heap before GC invocations=33 (full 0):
 garbage-first heap   total 90112K, used 77320K [0x0000000081400000, 0x0000000100000000)
  region size 1024K, 47 young (48128K), 2 survivors (2048K)
 Metaspace       used 64526K, capacity 66239K, committed 66352K, reserved 1105920K
  class space    used 8472K, capacity 9151K, committed 9184K, reserved 1048576K
}
Event: 2526.001 GC heap after
{Heap after GC invocations=34 (full 0):
 garbage-first heap   total 90112K, used 31420K [0x0000000081400000, 0x0000000100000000)
  region size 1024K, 3 young (3072K), 3 survivors (3072K)
 Metaspace       used 64526K, capacity 66239K, committed 66352K, reserved 1105920K
  class space    used 8472K, capacity 9151K, committed 9184K, reserved 1048576K
}
Event: 2746.054 GC heap before
{Heap before GC invocations=34 (full 0):
 garbage-first heap   total 90112K, used 75452K [0x0000000081400000, 0x0000000100000000)
  region size 1024K, 46 young (47104K), 3 survivors (3072K)
 Metaspace       used 64548K, capacity 66303K, committed 66352K, reserved 1105920K
  class space    used 8472K, capacity 9151K, committed 9184K, reserved 1048576K
}
Event: 2746.067 GC heap after
{Heap after GC invocations=35 (full 0):
 garbage-first heap   total 90112K, used 31323K [0x0000000081400000, 0x0000000100000000)
  region size 1024K, 3 young (3072K), 3 survivors (3072K)
 Metaspace       used 64548K, capacity 66303K, committed 66352K, reserved 1105920K
  class space    used 8472K, capacity 9151K, committed 9184K, reserved 1048576K
}
Event: 2967.279 GC heap before
{Heap before GC invocations=35 (full 0):
 garbage-first heap   total 90112K, used 75355K [0x0000000081400000, 0x0000000100000000)
  region size 1024K, 46 young (47104K), 3 survivors (3072K)
 Metaspace       used 64548K, capacity 66303K, committed 66352K, reserved 1105920K
  class space    used 8472K, capacity 9151K, committed 9184K, reserved 1048576K
}
Event: 2967.283 GC heap after
{Heap after GC invocations=36 (full 0):
 garbage-first heap   total 90112K, used 31326K [0x0000000081400000, 0x0000000100000000)
  region size 1024K, 3 young (3072K), 3 survivors (3072K)
 Metaspace       used 64548K, capacity 66303K, committed 66352K, reserved 1105920K
  class space    used 8472K, capacity 9151K, committed 9184K, reserved 1048576K
}
Event: 3179.001 GC heap before
{Heap before GC invocations=36 (full 0):
 garbage-first heap   total 90112K, used 75358K [0x0000000081400000, 0x0000000100000000)
  region size 1024K, 46 young (47104K), 3 survivors (3072K)
 Metaspace       used 64548K, capacity 66303K, committed 66352K, reserved 1105920K
  class space    used 8472K, capacity 9151K, committed 9184K, reserved 1048576K
}
Event: 3179.005 GC heap after
{Heap after GC invocations=37 (full 0):
 garbage-first heap   total 90112K, used 31416K [0x0000000081400000, 0x0000000100000000)
  region size 1024K, 3 young (3072K), 3 survivors (3072K)
 Metaspace       used 64548K, capacity 66303K, committed 66352K, reserved 1105920K
  class space    used 8472K, capacity 9151K, committed 9184K, reserved 1048576K
}
Event: 3388.086 GC heap before
{Heap before GC invocations=37 (full 0):
 garbage-first heap   total 90112K, used 75448K [0x0000000081400000, 0x0000000100000000)
  region size 1024K, 46 young (47104K), 3 survivors (3072K)
 Metaspace       used 64773K, capacity 66527K, committed 66608K, reserved 1107968K
  class space    used 8476K, capacity 9159K, committed 9184K, reserved 1048576K
}
Event: 3388.092 GC heap after
{Heap after GC invocations=38 (full 0):
 garbage-first heap   total 90112K, used 31434K [0x0000000081400000, 0x0000000100000000)
  region size 1024K, 1 young (1024K), 1 survivors (1024K)
 Metaspace       used 64773K, capacity 66527K, committed 66608K, reserved 1107968K
  class space    used 8476K, capacity 9159K, committed 9184K, reserved 1048576K
}
Event: 3606.389 GC heap before
{Heap before GC invocations=38 (full 0):
 garbage-first heap   total 90112K, used 78538K [0x0000000081400000, 0x0000000100000000)
  region size 1024K, 47 young (48128K), 1 survivors (1024K)
 Metaspace       used 64903K, capacity 66662K, committed 66864K, reserved 1107968K
  class space    used 8477K, capacity 9160K, committed 9184K, reserved 1048576K
}
Event: 3606.391 GC heap after
{Heap after GC invocations=39 (full 0):
 garbage-first heap   total 90112K, used 31591K [0x0000000081400000, 0x0000000100000000)
  region size 1024K, 1 young (1024K), 1 survivors (1024K)
 Metaspace       used 64903K, capacity 66662K, committed 66864K, reserved 1107968K
  class space    used 8477K, capacity 9160K, committed 9184K, reserved 1048576K
}
Event: 3805.074 GC heap before
{Heap before GC invocations=39 (full 0):
 garbage-first heap   total 90112K, used 77671K [0x0000000081400000, 0x0000000100000000)
  region size 1024K, 46 young (47104K), 1 survivors (1024K)
 Metaspace       used 65206K, capacity 66986K, committed 67120K, reserved 1107968K
  class space    used 8477K, capacity 9161K, committed 9184K, reserved 1048576K
}
Event: 3805.078 GC heap after
{Heap after GC invocations=40 (full 0):
 garbage-first heap   total 90112K, used 31435K [0x0000000081400000, 0x0000000100000000)
  region size 1024K, 1 young (1024K), 1 survivors (1024K)
 Metaspace       used 65206K, capacity 66986K, committed 67120K, reserved 1107968K
  class space    used 8477K, capacity 9161K, committed 9184K, reserved 1048576K
}
Event: 4011.921 GC heap before
{Heap before GC invocations=40 (full 0):
 garbage-first heap   total 90112K, used 78539K [0x0000000081400000, 0x0000000100000000)
  region size 1024K, 47 young (48128K), 1 survivors (1024K)
 Metaspace       used 65403K, capacity 67180K, committed 67376K, reserved 1107968K
  class space    used 8477K, capacity 9161K, committed 9184K, reserved 1048576K
}
Event: 4011.937 GC heap after
{Heap after GC invocations=41 (full 0):
 garbage-first heap   total 90112K, used 31446K [0x0000000081400000, 0x0000000100000000)
  region size 1024K, 1 young (1024K), 1 survivors (1024K)
 Metaspace       used 65403K, capacity 67180K, committed 67376K, reserved 1107968K
  class space    used 8477K, capacity 9161K, committed 9184K, reserved 1048576K
}
Event: 4248.935 GC heap before
{Heap before GC invocations=41 (full 0):
 garbage-first heap   total 90112K, used 78550K [0x0000000081400000, 0x0000000100000000)
  region size 1024K, 47 young (48128K), 1 survivors (1024K)
 Metaspace       used 65449K, capacity 67252K, committed 67376K, reserved 1107968K
  class space    used 8478K, capacity 9162K, committed 9184K, reserved 1048576K
}
Event: 4248.938 GC heap after
{Heap after GC invocations=42 (full 0):
 garbage-first heap   total 90112K, used 31447K [0x0000000081400000, 0x0000000100000000)
  region size 1024K, 1 young (1024K), 1 survivors (1024K)
 Metaspace       used 65449K, capacity 67252K, committed 67376K, reserved 1107968K
  class space    used 8478K, capacity 9162K, committed 9184K, reserved 1048576K
}

Deoptimization events (20 events):
Event: 4265.347 Thread 0x000001e7b3d5d000 Uncommon trap: trap_request=0xffffffde fr.pc=0x000001e7a0e8867c relative=0x00000000000001fc
Event: 4265.347 Thread 0x000001e7b3d5d000 Uncommon trap: reason=class_check action=maybe_recompile pc=0x000001e7a0e8867c method=java.lang.Character.isWhitespace(I)Z @ 5 c2
Event: 4265.347 Thread 0x000001e7b3d5d000 DEOPT PACKING pc=0x000001e7a0e8867c sp=0x0000006a2c8fa620
Event: 4265.347 Thread 0x000001e7b3d5d000 DEOPT UNPACKING pc=0x000001e798f2912f sp=0x0000006a2c8fa4f0 mode 2
Event: 4265.348 Thread 0x000001e7b3d5d000 Uncommon trap: trap_request=0xffffffde fr.pc=0x000001e7a0e8867c relative=0x00000000000001fc
Event: 4265.348 Thread 0x000001e7b3d5d000 Uncommon trap: reason=class_check action=maybe_recompile pc=0x000001e7a0e8867c method=java.lang.Character.isWhitespace(I)Z @ 5 c2
Event: 4265.348 Thread 0x000001e7b3d5d000 DEOPT PACKING pc=0x000001e7a0e8867c sp=0x0000006a2c8fa620
Event: 4265.348 Thread 0x000001e7b3d5d000 DEOPT UNPACKING pc=0x000001e798f2912f sp=0x0000006a2c8fa4f0 mode 2
Event: 4265.348 Thread 0x000001e7b3d5d000 Uncommon trap: trap_request=0xffffffde fr.pc=0x000001e7a0e8867c relative=0x00000000000001fc
Event: 4265.348 Thread 0x000001e7b3d5d000 Uncommon trap: reason=class_check action=maybe_recompile pc=0x000001e7a0e8867c method=java.lang.Character.isWhitespace(I)Z @ 5 c2
Event: 4265.348 Thread 0x000001e7b3d5d000 DEOPT PACKING pc=0x000001e7a0e8867c sp=0x0000006a2c8fa620
Event: 4265.348 Thread 0x000001e7b3d5d000 DEOPT UNPACKING pc=0x000001e798f2912f sp=0x0000006a2c8fa4f0 mode 2
Event: 4265.382 Thread 0x000001e7b3d5d000 Uncommon trap: trap_request=0xffffff45 fr.pc=0x000001e7a0e1c610 relative=0x0000000000001750
Event: 4265.382 Thread 0x000001e7b3d5d000 Uncommon trap: reason=unstable_if action=reinterpret pc=0x000001e7a0e1c610 method=org.apache.catalina.connector.Request.getAttribute(Ljava/lang/String;)Ljava/lang/Object; @ 53 c2
Event: 4265.382 Thread 0x000001e7b3d5d000 DEOPT PACKING pc=0x000001e7a0e1c610 sp=0x0000006a2c8fe8b0
Event: 4265.382 Thread 0x000001e7b3d5d000 DEOPT UNPACKING pc=0x000001e798f2912f sp=0x0000006a2c8fe870 mode 2
Event: 4265.382 Thread 0x000001e7b3d5d000 Uncommon trap: trap_request=0xffffff45 fr.pc=0x000001e7a0ec212c relative=0x000000000000014c
Event: 4265.382 Thread 0x000001e7b3d5d000 Uncommon trap: reason=unstable_if action=reinterpret pc=0x000001e7a0ec212c method=org.apache.tomcat.util.net.SocketBufferHandler.setWriteBufferConfiguredForWrite(Z)V @ 21 c2
Event: 4265.382 Thread 0x000001e7b3d5d000 DEOPT PACKING pc=0x000001e7a0ec212c sp=0x0000006a2c8fe640
Event: 4265.382 Thread 0x000001e7b3d5d000 DEOPT UNPACKING pc=0x000001e798f2912f sp=0x0000006a2c8fe5c8 mode 2

Classes unloaded (0 events):
No events

Classes redefined (0 events):
No events

Internal exceptions (20 events):
Event: 24.270 Thread 0x000001e7af9a5800 Exception <a 'java/lang/NoSuchMethodError'{0x0000000084ffd978}: 'void java.lang.invoke.DirectMethodHandle$Holder.invokeVirtual(java.lang.Object, java.lang.Object, int)'> (0x0000000084ffd978) 
thrown [./open/src/hotspot/share/interpreter/linkResolver.cpp, line 766]
Event: 24.277 Thread 0x000001e7af9a5800 Exception <a 'java/lang/NoSuchMethodError'{0x0000000084e16930}: 'void java.lang.invoke.DirectMethodHandle$Holder.invokeVirtual(java.lang.Object, java.lang.Object, long)'> (0x0000000084e16930) 
thrown [./open/src/hotspot/share/interpreter/linkResolver.cpp, line 766]
Event: 25.782 Thread 0x000001e7af9a5800 Exception <a 'java/lang/IncompatibleClassChangeError'{0x0000000084557de8}: Found class java.lang.Object, but interface was expected> (0x0000000084557de8) 
thrown [./open/src/hotspot/share/interpreter/linkResolver.cpp, line 832]
Event: 26.009 Thread 0x000001e7af9a5800 Exception <a 'java/lang/NoSuchMethodError'{0x0000000084379360}: 'int java.lang.invoke.DirectMethodHandle$Holder.invokeStaticInit(java.lang.Object, java.lang.Object, java.lang.Object, java.lang.Object)'> (0x0000000084379360) 
thrown [./open/src/hotspot/share/interpreter/linkResolver.cpp, line 766]
Event: 26.676 Thread 0x000001e7af9a5800 Exception <a 'java/lang/IncompatibleClassChangeError'{0x0000000083cfb1d8}: Found class java.lang.Object, but interface was expected> (0x0000000083cfb1d8) 
thrown [./open/src/hotspot/share/interpreter/linkResolver.cpp, line 832]
Event: 27.613 Thread 0x000001e7af9a5800 Exception <a 'java/lang/NoSuchMethodError'{0x0000000085cfadb8}: 'java.lang.Object java.lang.invoke.DirectMethodHandle$Holder.invokeSpecial(java.lang.Object, java.lang.Object, int, java.lang.Object, int, java.lang.Object)'> (0x0000000085cfadb8) 
thrown [./open/src/hotspot/share/interpreter/linkResolver.cpp, line 766]
Event: 27.615 Thread 0x000001e7af9a5800 Exception <a 'java/lang/NoSuchMethodError'{0x0000000085b022e8}: 'java.lang.Object java.lang.invoke.DirectMethodHandle$Holder.invokeStatic(java.lang.Object, java.lang.Object, int, java.lang.Object, int)'> (0x0000000085b022e8) 
thrown [./open/src/hotspot/share/interpreter/linkResolver.cpp, line 766]
Event: 27.616 Thread 0x000001e7af9a5800 Exception <a 'java/lang/NoSuchMethodError'{0x0000000085b05698}: 'java.lang.Object java.lang.invoke.DirectMethodHandle$Holder.invokeSpecial(java.lang.Object, java.lang.Object, java.lang.Object, int, java.lang.Object, int)'> (0x0000000085b05698) 
thrown [./open/src/hotspot/share/interpreter/linkResolver.cpp, line 766]
Event: 27.620 Thread 0x000001e7af9a5800 Exception <a 'java/lang/NoSuchMethodError'{0x0000000085b166e8}: 'void java.lang.invoke.DirectMethodHandle$Holder.invokeVirtual(java.lang.Object, java.lang.Object)'> (0x0000000085b166e8) 
thrown [./open/src/hotspot/share/interpreter/linkResolver.cpp, line 766]
Event: 31.532 Thread 0x000001e7b3d59000 Exception <a 'java/lang/NoSuchMethodError'{0x0000000085afd188}: 'java.lang.Object java.lang.invoke.DirectMethodHandle$Holder.invokeInterface(java.lang.Object, java.lang.Object, java.lang.Object, java.lang.Object)'> (0x0000000085afd188) 
thrown [./open/src/hotspot/share/interpreter/linkResolver.cpp, line 766]
Event: 31.663 Thread 0x000001e7b3d59000 Exception <a 'java/lang/NoSuchMethodError'{0x000000008553d848}: 'java.lang.Object java.lang.invoke.DirectMethodHandle$Holder.invokeStaticInit(java.lang.Object, java.lang.Object, java.lang.Object, java.lang.Object, java.lang.Object, java.lang.Object)'> (0x000000008553d848) 
thrown [./open/src/hotspot/share/interpreter/linkResolver.cpp, line 766]
Event: 35.308 Thread 0x000001e7b3d59000 Exception <a 'java/lang/ClassNotFoundException'{0x0000000089371b10}: java/lang/ObjectCustomizer> (0x0000000089371b10) 
thrown [./open/src/hotspot/share/classfile/systemDictionary.cpp, line 226]
Event: 35.326 Thread 0x000001e7b3d59000 Exception <a 'java/lang/ClassNotFoundException'{0x000000008938daf8}: com/example/instalacionesDeportivas/entities/reservasCustomizer> (0x000000008938daf8) 
thrown [./open/src/hotspot/share/classfile/systemDictionary.cpp, line 226]
Event: 143.216 Thread 0x000001e7b3d5d000 Exception <a 'java/lang/NoClassDefFoundError'{0x0000000084850dd8}: sun/reflect/Reflection> (0x0000000084850dd8) 
thrown [./open/src/hotspot/share/classfile/systemDictionary.cpp, line 215]
Event: 3387.353 Thread 0x000001e7b3d5c000 Exception <a 'java/lang/ClassNotFoundException'{0x00000000842040e0}: java/lang/ObjectCustomizer> (0x00000000842040e0) 
thrown [./open/src/hotspot/share/classfile/systemDictionary.cpp, line 226]
Event: 3387.363 Thread 0x000001e7b3d5c000 Exception <a 'java/lang/ClassNotFoundException'{0x0000000084220570}: com/example/instalacionesDeportivas/entities/reservasCustomizer> (0x0000000084220570) 
thrown [./open/src/hotspot/share/classfile/systemDictionary.cpp, line 226]
Event: 3387.371 Thread 0x000001e7b3d5c000 Implicit null exception at 0x000001e7a0b7249e to 0x000001e7a0b72b38
Event: 3387.395 Thread 0x000001e7b3d5c000 Implicit null exception at 0x000001e7a0b61cf6 to 0x000001e7a0b62150
Event: 4265.315 Thread 0x000001e7b3d5d000 Exception <a 'java/io/IOException'{0x00000000864c42d8}> (0x00000000864c42d8) 
thrown [./open/src/hotspot/share/prims/jni.cpp, line 599]
Event: 4265.382 Thread 0x000001e7b3d5d000 Exception <a 'java/io/IOException'{0x00000000864f1590}> (0x00000000864f1590) 
thrown [./open/src/hotspot/share/prims/jni.cpp, line 599]

Events (20 events):
Event: 4235.352 Executing VM operation: HandshakeOneThread
Event: 4235.352 Executing VM operation: HandshakeOneThread done
Event: 4235.353 Executing VM operation: HandshakeOneThread
Event: 4235.353 Executing VM operation: HandshakeOneThread done
Event: 4248.935 Executing VM operation: G1CollectForAllocation
Event: 4248.938 Executing VM operation: G1CollectForAllocation done
Event: 4264.596 Executing VM operation: HandshakeOneThread
Event: 4264.596 Executing VM operation: HandshakeOneThread done
Event: 4264.635 Executing VM operation: HandshakeOneThread
Event: 4264.635 Executing VM operation: HandshakeOneThread done
Event: 4264.635 Executing VM operation: HandshakeOneThread
Event: 4264.635 Executing VM operation: HandshakeOneThread done
Event: 4264.635 Executing VM operation: HandshakeOneThread
Event: 4264.635 Executing VM operation: HandshakeOneThread done
Event: 4265.032 Executing VM operation: HandshakeAllThreads
Event: 4265.035 Executing VM operation: HandshakeAllThreads done
Event: 4265.258 Executing VM operation: HandshakeOneThread
Event: 4265.258 Executing VM operation: HandshakeOneThread done
Event: 4265.268 Executing VM operation: HandshakeAllThreads
Event: 4265.280 Executing VM operation: HandshakeAllThreads done


Dynamic libraries:
0x00007ff661a10000 - 0x00007ff661a1f000 	C:\Program Files\Java\jdk-14.0.2\bin\java.exe
0x00007ffd123f0000 - 0x00007ffd125e5000 	C:\WINDOWS\SYSTEM32\ntdll.dll
0x00007ffd11550000 - 0x00007ffd1160e000 	C:\WINDOWS\System32\KERNEL32.DLL
0x00007ffd0fe30000 - 0x00007ffd100f9000 	C:\WINDOWS\System32\KERNELBASE.dll
0x00007ffd0fd30000 - 0x00007ffd0fe30000 	C:\WINDOWS\System32\ucrtbase.dll
0x00007ffcecc40000 - 0x00007ffcecc55000 	C:\Program Files\Java\jdk-14.0.2\bin\VCRUNTIME140.dll
0x00007ffd03020000 - 0x00007ffd03038000 	C:\Program Files\Java\jdk-14.0.2\bin\jli.dll
0x00007ffd11a90000 - 0x00007ffd11b3c000 	C:\WINDOWS\System32\ADVAPI32.dll
0x00007ffd120d0000 - 0x00007ffd1216e000 	C:\WINDOWS\System32\msvcrt.dll
0x00007ffd12170000 - 0x00007ffd1220b000 	C:\WINDOWS\System32\sechost.dll
0x00007ffd108f0000 - 0x00007ffd10a1a000 	C:\WINDOWS\System32\RPCRT4.dll
0x00007ffd11e80000 - 0x00007ffd12021000 	C:\WINDOWS\System32\USER32.dll
0x00007ffd10370000 - 0x00007ffd10392000 	C:\WINDOWS\System32\win32u.dll
0x00007ffd12040000 - 0x00007ffd1206b000 	C:\WINDOWS\System32\GDI32.dll
0x00007ffd10100000 - 0x00007ffd1020b000 	C:\WINDOWS\System32\gdi32full.dll
0x00007ffcff930000 - 0x00007ffcffbca000 	C:\WINDOWS\WinSxS\amd64_microsoft.windows.common-controls_6595b64144ccf1df_6.0.19041.1110_none_60b5254171f9507e\COMCTL32.dll
0x00007ffd103a0000 - 0x00007ffd1043d000 	C:\WINDOWS\System32\msvcp_win.dll
0x00007ffd01b10000 - 0x00007ffd01b1a000 	C:\WINDOWS\SYSTEM32\VERSION.dll
0x00007ffd10560000 - 0x00007ffd10590000 	C:\WINDOWS\System32\IMM32.DLL
0x00007ffcd7a20000 - 0x00007ffcd7abb000 	C:\Program Files\Java\jdk-14.0.2\bin\msvcp140.dll
0x00007ffcd4b70000 - 0x00007ffcd568e000 	C:\Program Files\Java\jdk-14.0.2\bin\server\jvm.dll
0x00007ffd104f0000 - 0x00007ffd104f8000 	C:\WINDOWS\System32\PSAPI.DLL
0x00007ffcfed30000 - 0x00007ffcfed39000 	C:\WINDOWS\SYSTEM32\WSOCK32.dll
0x00007ffd11ce0000 - 0x00007ffd11d4b000 	C:\WINDOWS\System32\WS2_32.dll
0x00007ffcf0a30000 - 0x00007ffcf0a57000 	C:\WINDOWS\SYSTEM32\WINMM.dll
0x00007ffd0d9d0000 - 0x00007ffd0d9e2000 	C:\WINDOWS\SYSTEM32\kernel.appcore.dll
0x00007ffcfec20000 - 0x00007ffcfec2a000 	C:\Program Files\Java\jdk-14.0.2\bin\jimage.dll
0x00007ffcf8380000 - 0x00007ffcf8564000 	C:\WINDOWS\SYSTEM32\DBGHELP.DLL
0x00007ffcf8350000 - 0x00007ffcf837c000 	C:\WINDOWS\SYSTEM32\dbgcore.DLL
0x00007ffd0fb10000 - 0x00007ffd0fb93000 	C:\WINDOWS\System32\bcryptPrimitives.dll
0x00007ffcec000000 - 0x00007ffcec025000 	C:\Program Files\Java\jdk-14.0.2\bin\java.dll
0x00007ffceb590000 - 0x00007ffceb5a6000 	C:\Program Files\Java\jdk-14.0.2\bin\zip.dll
0x00007ffd10ab0000 - 0x00007ffd111ef000 	C:\WINDOWS\System32\SHELL32.dll
0x00007ffd0dbd0000 - 0x00007ffd0e360000 	C:\WINDOWS\SYSTEM32\windows.storage.dll
0x00007ffd111f0000 - 0x00007ffd11545000 	C:\WINDOWS\System32\combase.dll
0x00007ffd0f490000 - 0x00007ffd0f4bc000 	C:\WINDOWS\SYSTEM32\Wldp.dll
0x00007ffd10440000 - 0x00007ffd104ee000 	C:\WINDOWS\System32\SHCORE.dll
0x00007ffd11e20000 - 0x00007ffd11e75000 	C:\WINDOWS\System32\shlwapi.dll
0x00007ffd0fa50000 - 0x00007ffd0fa6f000 	C:\WINDOWS\SYSTEM32\profapi.dll
0x00007ffcecbe0000 - 0x00007ffcecbf9000 	C:\Program Files\Java\jdk-14.0.2\bin\net.dll
0x00007ffd04460000 - 0x00007ffd04568000 	C:\WINDOWS\SYSTEM32\WINHTTP.dll
0x00007ffd0f1f0000 - 0x00007ffd0f25a000 	C:\WINDOWS\system32\mswsock.dll
0x00007ffce3d90000 - 0x00007ffce3da2000 	C:\Program Files\Java\jdk-14.0.2\bin\nio.dll
0x00007ffcfe930000 - 0x00007ffcfe940000 	C:\Program Files\Java\jdk-14.0.2\bin\verify.dll
0x00007ffd08920000 - 0x00007ffd08929000 	C:\Program Files\Java\jdk-14.0.2\bin\management.dll
0x00007ffd08660000 - 0x00007ffd0866b000 	C:\Program Files\Java\jdk-14.0.2\bin\management_ext.dll
0x00007ffce0810000 - 0x00007ffce0827000 	C:\WINDOWS\system32\napinsp.dll
0x00007ffce2250000 - 0x00007ffce226b000 	C:\WINDOWS\system32\pnrpnsp.dll
0x00007ffd0aa20000 - 0x00007ffd0aa35000 	C:\WINDOWS\system32\wshbth.dll
0x00007ffd0b530000 - 0x00007ffd0b54d000 	C:\WINDOWS\system32\NLAapi.dll
0x00007ffd0eee0000 - 0x00007ffd0ef1b000 	C:\WINDOWS\SYSTEM32\IPHLPAPI.DLL
0x00007ffd0ef20000 - 0x00007ffd0efec000 	C:\WINDOWS\SYSTEM32\DNSAPI.dll
0x00007ffd12030000 - 0x00007ffd12038000 	C:\WINDOWS\System32\NSI.dll
0x00007ffd08340000 - 0x00007ffd08352000 	C:\WINDOWS\System32\winrnr.dll
0x00007ffcfea80000 - 0x00007ffcfea8a000 	C:\Windows\System32\rasadhlp.dll
0x00007ffd01080000 - 0x00007ffd010ff000 	C:\WINDOWS\System32\fwpuclnt.dll
0x00007ffd0fba0000 - 0x00007ffd0fbc7000 	C:\WINDOWS\System32\bcrypt.dll
0x00007ffd0f3e0000 - 0x00007ffd0f3f8000 	C:\WINDOWS\SYSTEM32\CRYPTSP.dll
0x00007ffd0eb40000 - 0x00007ffd0eb74000 	C:\WINDOWS\system32\rsaenh.dll
0x00007ffd0f9d0000 - 0x00007ffd0f9fe000 	C:\WINDOWS\SYSTEM32\USERENV.dll
0x00007ffd0f400000 - 0x00007ffd0f40c000 	C:\WINDOWS\SYSTEM32\CRYPTBASE.dll
0x00007ffd03af0000 - 0x00007ffd03b07000 	C:\WINDOWS\SYSTEM32\dhcpcsvc6.DLL
0x00007ffd04250000 - 0x00007ffd0426d000 	C:\WINDOWS\SYSTEM32\dhcpcsvc.DLL

dbghelp: loaded successfully - version: 4.0.5 - missing functions: none
symbol engine: initialized successfully - sym options: 0x614 - pdb path: .;C:\Program Files\Java\jdk-14.0.2\bin;C:\WINDOWS\SYSTEM32;C:\WINDOWS\WinSxS\amd64_microsoft.windows.common-controls_6595b64144ccf1df_6.0.19041.1110_none_60b5254171f9507e;C:\Program Files\Java\jdk-14.0.2\bin\server

VM Arguments:
java_command: com.example.instalacionesDeportivas.InstalacionesDeportivasApplication
java_class_path (initial): C:\Users\Sofia\Desktop\CursoJavaHiberus\instalacionesDeportivas\target\classes;C:\Users\Sofia\.m2\repository\org\springframework\boot\spring-boot-starter-data-jdbc\2.5.4\spring-boot-starter-data-jdbc-2.5.4.jar;C:\Users\Sofia\.m2\repository\org\springframework\boot\spring-boot-starter-jdbc\2.5.4\spring-boot-starter-jdbc-2.5.4.jar;C:\Users\Sofia\.m2\repository\com\zaxxer\HikariCP\4.0.3\HikariCP-4.0.3.jar;C:\Users\Sofia\.m2\repository\org\springframework\spring-jdbc\5.3.9\spring-jdbc-5.3.9.jar;C:\Users\Sofia\.m2\repository\org\springframework\data\spring-data-jdbc\2.2.4\spring-data-jdbc-2.2.4.jar;C:\Users\Sofia\.m2\repository\org\springframework\data\spring-data-relational\2.2.4\spring-data-relational-2.2.4.jar;C:\Users\Sofia\.m2\repository\org\springframework\data\spring-data-commons\2.5.4\spring-data-commons-2.5.4.jar;C:\Users\Sofia\.m2\repository\org\springframework\spring-tx\5.3.9\spring-tx-5.3.9.jar;C:\Users\Sofia\.m2\repository\org\springframework\boot\spring-boot-starter-data-jpa\2.5.4\spring-boot-starter-data-jpa-2.5.4.jar;C:\Users\Sofia\.m2\repository\org\springframework\boot\spring-boot-starter-aop\2.5.4\spring-boot-starter-aop-2.5.4.jar;C:\Users\Sofia\.m2\repository\org\aspectj\aspectjweaver\1.9.7\aspectjweaver-1.9.7.jar;C:\Users\Sofia\.m2\repository\jakarta\transaction\jakarta.transaction-api\1.3.3\jakarta.transaction-api-1.3.3.jar;C:\Users\Sofia\.m2\repository\jakarta\persistence\jakarta.persistence-api\2.2.3\jakarta.persistence-api-2.2.3.jar;C:\Users\Sofia\.m2\repository\org\hibernate\hibernate-core\5.4.32.Final\hibernate-core-5.4.32.Final.jar;C:\Users\Sofia\.m2\repository\org\jboss\logging\jboss-logging\3.4.2.Final\jboss-logging-3.4.2.Final.jar;C:\Users\Sofia\.m2\repository\org\javassist\javassist\3.27.0-GA\javassist-3.27.0-GA.jar;C:\Users\Sofia\.m2\repository\net\bytebuddy\byte-buddy\1.10.22\byte-buddy-1.10.22.jar;C:\Users\Sofia\.m2\repository\antlr\antlr\2.7.7\antlr-2.7.7.jar;C:\Users\Sofia\.m2\repository\org\jboss\jandex\2
Launcher Type: SUN_STANDARD

[Global flags]
     intx CICompilerCount                          = 3                                         {product} {ergonomic}
     uint ConcGCThreads                            = 1                                         {product} {ergonomic}
     uint G1ConcRefinementThreads                  = 4                                         {product} {ergonomic}
   size_t G1HeapRegionSize                         = 1048576                                   {product} {ergonomic}
    uintx GCDrainStackTargetSize                   = 64                                        {product} {ergonomic}
   size_t InitialHeapSize                          = 134217728                                 {product} {ergonomic}
   size_t MarkStackSize                            = 4194304                                   {product} {ergonomic}
   size_t MaxHeapSize                              = 2126512128                                {product} {ergonomic}
   size_t MaxNewSize                               = 1275068416                                {product} {ergonomic}
   size_t MinHeapDeltaBytes                        = 1048576                                   {product} {ergonomic}
   size_t MinHeapSize                              = 8388608                                   {product} {ergonomic}
    uintx NonNMethodCodeHeapSize                   = 5832780                                {pd product} {ergonomic}
    uintx NonProfiledCodeHeapSize                  = 122912730                              {pd product} {ergonomic}
    uintx ProfiledCodeHeapSize                     = 122912730                              {pd product} {ergonomic}
    uintx ReservedCodeCacheSize                    = 251658240                              {pd product} {ergonomic}
     bool SegmentedCodeCache                       = true                                      {product} {ergonomic}
   size_t SoftMaxHeapSize                          = 2126512128                             {manageable} {ergonomic}
     bool UseCompressedClassPointers               = true                                 {lp64_product} {ergonomic}
     bool UseCompressedOops                        = true                                 {lp64_product} {ergonomic}
     bool UseG1GC                                  = true                                      {product} {ergonomic}
     bool UseLargePagesIndividualAllocation        = false                                  {pd product} {ergonomic}

Logging:
Log output configuration:
 #0: stdout all=warning uptime,level,tags
 #1: stderr all=off uptime,level,tags

Environment Variables:
JAVA_HOME=C:\Program Files\Java\jdk-14.0.2
PATH=C:\WINDOWS\system32;C:\WINDOWS;C:\WINDOWS\System32\Wbem;C:\WINDOWS\System32\WindowsPowerShell\v1.0\;C:\WINDOWS\System32\OpenSSH\;C:\Program Files\Microsoft SQL Server\120\Tools\Binn\;C:\Program Files\Microsoft SQL Server\Client SDK\ODBC\110\Tools\Binn\;C:\Program Files (x86)\Microsoft SQL Server\120\Tools\Binn\;C:\Program Files\Microsoft SQL Server\120\DTS\Binn\;C:\Program Files (x86)\Microsoft SQL Server\120\Tools\Binn\ManagementStudio\;C:\Program Files (x86)\Microsoft SQL Server\120\DTS\Binn\;C:\Program Files (x86)\Brackets\command;C:\Program Files\Git\cmd;%JAVA_HOME%;C:\Program Files\Docker\Docker\resources\bin;C:\ProgramData\DockerDesktop\version-bin;C:\xampp\php;C:\Program Files\Java\jdk-13.0.1\bin;C:\Users\Sofia\AppData\Local\Microsoft\WindowsApps;
USERNAME=Sofia
OS=Windows_NT
PROCESSOR_IDENTIFIER=Intel64 Family 6 Model 61 Stepping 4, GenuineIntel



---------------  S Y S T E M  ---------------

OS: Windows 10 , 64 bit Build 19041 (10.0.19041.1202)
OS uptime: 12 days 15:45 hours
HyperV virtualization detected

CPU:total 4 (initial active 4) (2 cores per cpu, 2 threads per core) family 6 model 61 stepping 4, cmov, cx8, fxsr, mmx, sse, sse2, sse3, ssse3, sse4.1, sse4.2, popcnt, avx, avx2, aes, clmul, erms, 3dnowpref, lzcnt, ht, tsc, tscinvbit, bmi1, bmi2, adx, fma

Memory: 4k page, system-wide physical 8104M (1518M free)
TotalPageFile size 12200M (AvailPageFile size 4M)
current process WorkingSet (physical memory assigned to process): 181M, peak: 281M
current process commit charge ("private bytes"): 295M, peak: 315M

vm_info: Java HotSpot(TM) 64-Bit Server VM (14.0.2+12-46) for windows-amd64 JRE (14.0.2+12-46), built on Jul  9 2020 00:35:52 by "mach5one" with MS VC++ 15.9 (VS2017)

END.
